<?xml version="1.0" encoding="UTF-8"?>
<!-- Generated by org.testng.reporters.JUnitReportReporter -->
<testsuite hostname="Sk92" failures="0" tests="1" name="runner.TestRunner" time="0.167" errors="0" timestamp="2025-07-28T12:05:16 IST" skipped="0">
  <testcase classname="runner.TestRunner" name="runScenario" time="0.167"/>
</testsuite> <!-- runner.TestRunner -->
