<?xml version="1.0" encoding="UTF-8"?>
<!-- Generated by org.testng.reporters.JUnitReportReporter -->
<testsuite hostname="Sk92" failures="0" tests="3" name="learning.testng.Annoations" time="0.043" errors="0" timestamp="2025-07-18T18:58:37 IST" skipped="0">
  <testcase classname="learning.testng.Annoations" name="m3" time="0.012"/>
  <testcase classname="learning.testng.Annoations" name="m1" time="0.020"/>
  <testcase classname="learning.testng.Annoations" name="m2" time="0.011"/>
</testsuite> <!-- learning.testng.Annoations -->
